<?xml version="1.0" encoding="UTF-8"?>
<Site BuildName="(empty)"
	BuildStamp="20230609-1500-Experimental"
	Name="hx-hus"
	Generator="ctest-3.16.3"
	CompilerName="/usr/bin/c++"
	CompilerVersion="9.4.0"
	OSName="Linux"
	Hostname="hx-hus"
	OSRelease="5.15.0-73-generic"
	OSVersion="#80~20.04.1-Ubuntu SMP Wed May 17 14:58:14 UTC 2023"
	OSPlatform="x86_64"
	Is64Bits="1"
	VendorString="AuthenticAMD"
	VendorID="Advanced Micro Devices"
	FamilyID="25"
	ModelID="68"
	ProcessorCacheSize="512"
	NumberOfLogicalCPU="6"
	NumberOfPhysicalCPU="6"
	TotalVirtualMemory="2047"
	TotalPhysicalMemory="5933"
	LogicalProcessorsPerPhysical="1"
	ProcessorClockFrequency="3194"
	>
	<Testing>
		<StartDateTime>Jun 09 23:00 CST</StartDateTime>
		<StartTestTime>1686322834</StartTestTime>
		<TestList/>
		<EndDateTime>Jun 09 23:00 CST</EndDateTime>
		<EndTestTime>1686322834</EndTestTime>
		<ElapsedMinutes>0</ElapsedMinutes>
	</Testing>
</Site>
